DATA_INICIO#26/03/2025 08:00:49
COMANDO#/home/producao/CAD_POSITIVO/py/CAD_POSITIVO_HistoricoRetorno.py -A PRD
================================================================================

26/03/2025-08:00:50 INICIO - Sistema..: CAD_POSITIVO
                    INICIO - Script...: CAD_POSITIVO_HistoricoRetorno
                    --------------------------------------------------------------------------------
26/03/2025-08:00:50    [E] Criando lock
26/03/2025-08:00:50        [I] Lock criado
26/03/2025-08:00:50    [E] ETAPA << INICIA >> :: INICIANDO
26/03/2025-08:00:50            [I] Nivel Log ............................: 1
26/03/2025-08:00:50            [I] Diretorio HIST RETORNO (AVALIDAR) ....: /cadastro_positivo/historico/entrada/AValidar
26/03/2025-08:00:50            [I] Diretorio HIST RETORNO (CARGA) .......: /cadastro_positivo/historico/entrada
26/03/2025-08:00:50            [I] Diretorio HIST RETORNO (WORK) ........: /cadastro_positivo/historico/entrada/work
26/03/2025-08:00:50            [I] Diretorio HIST RETORNO (PROCESSADOS) .: /cadastro_positivo/historico/entrada/processados
26/03/2025-08:00:50            [I] Diretorio utlfile (UTLFILE) ..........: /workprod/CPPRD/utlfile
26/03/2025-08:00:50            [I] Ambiente .............................: PRD
26/03/2025-08:00:50            [I] Mascara ..............................: PRD*ACPT112*
26/03/2025-08:00:50        [I] ETAPA << INICIA >> :: SUCESSO
26/03/2025-08:00:50[E] ETAPA << ARQUIVO BASTAO >> :: INICIANDO
26/03/2025-08:00:50        [I] Existe(m) [4] para validar, iniciando validacao dos arquivos de bastao !
26/03/2025-08:00:50        [I] Arquivo -> /cadastro_positivo/historico/entrada/AValidar/PRD_ACPT112_28042871_71208516_20250317_00001
26/03/2025-08:00:50        [I] Movendo arquivo /cadastro_positivo/historico/entrada/AValidar/PRD_ACPT112_28042871_71208516_20250317_00001 para carga /cadastro_positivo/historico/entrada
26/03/2025-08:00:50        [I] Arquivo -> /cadastro_positivo/historico/entrada/AValidar/PRD_ACPT112_28042871_71208516_20250317_00002
26/03/2025-08:00:50        [I] Realizando Backup do arquivo Bastao PRD_ACPT112_28042871_71208516_20250317_00002 para /cadastro_positivo/historico/entrada/processados
26/03/2025-08:00:50        [I] Arquivo -> /cadastro_positivo/historico/entrada/AValidar/PRD_ACPT112_28042871_71208516_20250324_00003
26/03/2025-08:00:50        [I] Movendo arquivo /cadastro_positivo/historico/entrada/AValidar/PRD_ACPT112_28042871_71208516_20250324_00003 para carga /cadastro_positivo/historico/entrada
26/03/2025-08:00:50        [I] Arquivo -> /cadastro_positivo/historico/entrada/AValidar/PRD_ACPT112_28042871_71208516_20250324_00004
26/03/2025-08:00:50        [I] Realizando Backup do arquivo Bastao PRD_ACPT112_28042871_71208516_20250324_00004 para /cadastro_positivo/historico/entrada/processados
26/03/2025-08:00:50    [I] ETAPA << ARQUIVO BASTAO >> :: SUCESSO
26/03/2025-08:00:50[E] ETAPA << GERENCIA >> :: INICIANDO
26/03/2025-08:00:50        [I] Existe(m) [2] para processamento !
26/03/2025-08:00:50    [E] INICIO Processamento para GBD .....: [PRD_ACPT112_28042871_71208516_20250317]
26/03/2025-08:00:56        [I] Iniciando execucao da procedure CPADM.PKG_CP_HISTORICO_RETORNO.PRO_START para o arquivo [PRD_ACPT112_28042871_71208516_20250317_00001]
26/03/2025-08:00:56    [E] Executando procedure : CPADM.PKG_CP_HISTORICO_RETORNO.PRO_START com parametros : ('UTLFILE', 'PRO_START20250326080056.log', '1', 'PRD_ACPT112_28042871_71208516_20250317_00001', 1)
26/03/2025-08:00:57        [I] Final da execucao da procedure
26/03/2025-08:00:57    [E] Validando procedure
26/03/2025-08:00:57        [I] Procurando string < STATUS#OK > no log
26/03/2025-08:00:57        [I] Procedure executada com sucesso
26/03/2025-08:00:57        [A] ARQUIVO < /workprod/CPPRD/utlfile/PRO_START20250326080056.log >
26/03/2025-08:00:57        [A] ================================================================================
26/03/2025-08:00:57        [A] ================ CADASTRO POSITIVO (CP) - HIST_RETORNO_PROCESS =================
26/03/2025-08:00:57        [A] ================================================================================
26/03/2025-08:00:57        [A] Iniciado em                   : 26/03/2025 08:00:56
26/03/2025-08:00:57        [A] Usu\u00e1rio                       : PRODUCAO
26/03/2025-08:00:57        [A] Banco de Dados                : CPPRD
26/03/2025-08:00:57        [A] N\u00edvel de Detalhe              : BAIXO
26/03/2025-08:00:57        [A] Local log                     : UTLFILE
26/03/2025-08:00:57        [A] Nome log                      : PRO_START20250326080056.log
26/03/2025-08:00:57        [A] ================================================================================
26/03/2025-08:00:57        [A] ================================================================================
26/03/2025-08:00:57        [A] ================================================================================
26/03/2025-08:00:57        [A] VW_CP_REMESSA_IN_HIST_RETORNO : 0 pendente(s)
26/03/2025-08:00:57        [A] ================================================================================
26/03/2025-08:00:57        [A] ================================================================================
26/03/2025-08:00:57        [A] ============================== GET_DATA_REMESSA ================================
26/03/2025-08:00:57        [A] ================================================================================
26/03/2025-08:00:57        [A] Iniciado em                   : 26/03/2025 08:00:57
26/03/2025-08:00:57        [A] ================================================================================
26/03/2025-08:00:57        [A] Parametro - Tipo Remessa      : HIST_RETORNO
26/03/2025-08:00:57        [A] Parametro - Arquivo REF       : PRD_ACPT112_28042871_71208516_20250317_00001
26/03/2025-08:00:57        [A] ================================================================================
26/03/2025-08:00:57        [A] ================================================================================
26/03/2025-08:00:57        [A] AtribXml-DataRemessa          : 17032025
26/03/2025-08:00:57        [A] ================================================================================
26/03/2025-08:00:57        [A] ================================================================================
26/03/2025-08:00:57        [A] Lote HIST_RETORNO PAI         : 9455(NOVO)
26/03/2025-08:00:57        [A] Id remessa_in                 : 8843
26/03/2025-08:00:57        [A] ================================================================================
26/03/2025-08:00:57        [A] TEMPO PROC                    : 1 segs
26/03/2025-08:00:57        [A] ================================================================================
26/03/2025-08:00:57        [A] #LoteHIST_RETORNOPAI#9455
26/03/2025-08:00:57        [A] ================================================================================
26/03/2025-08:00:57        [A] ================================================================================
26/03/2025-08:00:57        [A] Finalizado em                 : 26/03/2025 08:00:57
26/03/2025-08:00:57        [A] ================================================================================
26/03/2025-08:00:57        [A] STATUS#OK
26/03/2025-08:00:57        [I] Procedure executada com sucesso !
26/03/2025-08:00:57    [E] Buscando LOTE
26/03/2025-08:00:57    [E] Liberado lote .....[9455]
26/03/2025-08:00:57        [I] [PRD_ACPT112_28042871_71208516_20250317] - Copiando arquivo [PRD_ACPT112_28042871_71208516_20250317_00001] para [/cadastro_positivo/historico/entrada/work]
26/03/2025-08:00:57        [I] Instancia liberada [12]
26/03/2025-08:00:57        [I] Copiando arquivo [/cadastro_positivo/historico/entrada/work/PRD_ACPT112_28042871_71208516_20250317_00001] para [/workprod/CPPRD/utlfile]
26/03/2025-08:00:57        [I] Iniciando execucao da procedure CPADM.PKG_CP_HISTORICO_RETORNO.PRO_IMPORT para valores [9455,12,PRD_ACPT112_28042871_71208516_20250317_00001]
26/03/2025-08:00:57    [E] Executando procedure : CPADM.PKG_CP_HISTORICO_RETORNO.PRO_IMPORT com parametros : ('UTLFILE', 'PRO_IMPORT20250326080057.log', '1', '9455', 12, 'PRD_ACPT112_28042871_71208516_20250317_00001')
26/03/2025-08:01:00        [I] Final da execucao da procedure
26/03/2025-08:01:00        [A] ARQUIVO < /workprod/CPPRD/utlfile/PRO_IMPORT20250326080057.log >
26/03/2025-08:01:00        [A] ================================================================================
26/03/2025-08:01:00        [A] ===================== CADASTRO POSITIVO (CP) - REMESSA_IN ======================
26/03/2025-08:01:00        [A] ================================================================================
26/03/2025-08:01:00        [A] Iniciado em                   : 26/03/2025 08:00:57
26/03/2025-08:01:00        [A] Usu\u00e1rio                       : PRODUCAO
26/03/2025-08:01:00        [A] Banco de Dados                : CPPRD
26/03/2025-08:01:00        [A] N\u00edvel de Detalhe              : BAIXO
26/03/2025-08:01:00        [A] Local log                     : UTLFILE
26/03/2025-08:01:00        [A] Nome log                      : PRO_IMPORT20250326080057.log
26/03/2025-08:01:00        [A] ================================================================================
26/03/2025-08:01:00        [A] Parametro - Tipo Remessa      : HIST_RETORNO
26/03/2025-08:01:00        [A] Parametro - Data Remessa      : 17/03/2025
26/03/2025-08:01:00        [A] Parametro - Id Lote Pai       : 9455
26/03/2025-08:01:00        [A] Parametro - Cd Inst Run       : 12
26/03/2025-08:01:00        [A] Parametro - Arquivo Nome      : PRD_ACPT112_28042871_71208516_20250317_00001
26/03/2025-08:01:00        [A] ================================================================================
26/03/2025-08:01:00        [A] Base Referencia               : PRD
26/03/2025-08:01:00        [A] ================================================================================
26/03/2025-08:01:00        [A] ================================================================================
26/03/2025-08:01:00        [A] Lote Remessa_in               : 9456
26/03/2025-08:01:00        [A] ================================================================================
26/03/2025-08:01:00        [A] ================================================================================
26/03/2025-08:01:00        [A] =================================== IMPORT =====================================
26/03/2025-08:01:00        [A] ================================================================================
26/03/2025-08:01:00        [A] Iniciado em                   : 26/03/2025 08:00:58
26/03/2025-08:01:00        [A] ================================================================================
26/03/2025-08:01:00        [A] Parametro - Lote RUN          : 9456
26/03/2025-08:01:00        [A] Parametro - Inst RUN          : 12
26/03/2025-08:01:00        [A] Parametro - Tipo Remessa      : HIST_RETORNO
26/03/2025-08:01:00        [A] ================================================================================
26/03/2025-08:01:00        [A] Arquivo - Nome                : PRD_ACPT112_28042871_71208516_20250317_00001
26/03/2025-08:01:00        [A] ================================================================================
26/03/2025-08:01:00        [A] AtribXml-Cnpj Origem/GBD      : 28042871000197
26/03/2025-08:01:00        [A] AtribXml-Cnpj Fonte           : 71208516000174
26/03/2025-08:01:00        [A] AtribXml-NomeOrigem           : 
26/03/2025-08:01:00        [A] AtribXml-NroRemessa           : 000000222
26/03/2025-08:01:00        [A] AtribXml-NroRemessaSeq        : 1
26/03/2025-08:01:00        [A] AtribXml-DataRemessa          : 17032025
26/03/2025-08:01:00        [A] AtribXml-CodOcorr             : 0
26/03/2025-08:01:00        [A] AtribXml-QtdeRegistros        : 0
26/03/2025-08:01:00        [A] AtribXml-TamanhoMB            : .0001697540283203125
26/03/2025-08:01:00        [A] ================================================================================
26/03/2025-08:01:00        [A] BIRO/ORIGEM - CODIGO          : 72
26/03/2025-08:01:00        [A] BIRO/ORIGEM - NOME            : QUOD
26/03/2025-08:01:00        [A] ================================================================================
26/03/2025-08:01:00        [A] ================================================================================
26/03/2025-08:01:00        [A] ================================================================================
26/03/2025-08:01:00        [A] (IMPORT) Finalizado em        : 26/03/2025 08:01:00
26/03/2025-08:01:00        [A] ================================================================================
26/03/2025-08:01:00        [A] TEMPO PROC - IMPORT           : 2 segs
26/03/2025-08:01:00        [A] ================================================================================
26/03/2025-08:01:00        [A] ================================================================================
26/03/2025-08:01:00        [A] ==================================== SPLIT =====================================
26/03/2025-08:01:00        [A] ================================================================================
26/03/2025-08:01:00        [A] Iniciado em                   : 26/03/2025 08:01:00
26/03/2025-08:01:00        [A] ================================================================================
26/03/2025-08:01:00        [A] Parametro - Id_Remessa_in     : 8843
26/03/2025-08:01:00        [A] Parametro - Lote RUN          : 9456
26/03/2025-08:01:00        [A] ================================================================================
26/03/2025-08:01:00        [A] Total SPLIT                   : 0
26/03/2025-08:01:00        [A] ================================================================================
26/03/2025-08:01:00        [A] ================================================================================
26/03/2025-08:01:00        [A] (SPLIT) Finalizado em         : 26/03/2025 08:01:00
26/03/2025-08:01:00        [A] ================================================================================
26/03/2025-08:01:00        [A] TEMPO PROC - SPLIT            : 0 segs
26/03/2025-08:01:00        [A] ================================================================================
26/03/2025-08:01:00        [A] ================================================================================
26/03/2025-08:01:00        [A] TEMPO PROC - REMESSA_IN       : 3 segs
26/03/2025-08:01:00        [A] ================================================================================
26/03/2025-08:01:00        [A] Finalizado em                 : 26/03/2025 08:01:00
26/03/2025-08:01:00        [A] ================================================================================
26/03/2025-08:01:00        [A] STATUS#OK
26/03/2025-08:01:00    [E] Validando procedure
26/03/2025-08:01:00        [I] Procurando string < STATUS#OK > no log
26/03/2025-08:01:00        [I] Procedure executada com sucesso
26/03/2025-08:01:00        [I] Procedure executada com sucesso !
26/03/2025-08:01:00        [I] Backapenado arquivo [/cadastro_positivo/historico/entrada/work/PRD_ACPT112_28042871_71208516_20250317_00001] para [/cadastro_positivo/historico/entrada/processados]
26/03/2025-08:01:00        [I] Removendo arquivo Original /cadastro_positivo/historico/entrada/PRD_ACPT112_28042871_71208516_20250317_00001
26/03/2025-08:01:00    [E] Fluxo Paralelo PROCESS em mod 10
26/03/2025-08:01:00    [E] Iniciando resto 0
26/03/2025-08:01:00        [I] Iniciando execucao da procedure CPADM.PKG_CP_HISTORICO_RETORNO.PRO_PROCESS para lote [9455]
26/03/2025-08:01:00    [E] Executando procedure : CPADM.PKG_CP_HISTORICO_RETORNO.PRO_PROCESS com parametros : ('UTLFILE', 'PRO_PROCESS_10_0_20250326080100.log', '1', '9455', 10, 0)
26/03/2025-08:01:01        [I] Final da execucao da procedure
26/03/2025-08:01:01        [A] ARQUIVO < /workprod/CPPRD/utlfile/PRO_PROCESS_10_0_20250326080100.log >
26/03/2025-08:01:01        [A] ================================================================================
26/03/2025-08:01:01        [A] ================ CADASTRO POSITIVO (CP) - HIST_RETORNO_PROCESS =================
26/03/2025-08:01:01        [A] ================================================================================
26/03/2025-08:01:01        [A] Iniciado em                   : 26/03/2025 08:01:01
26/03/2025-08:01:01        [A] Usu\u00e1rio                       : PRODUCAO
26/03/2025-08:01:01        [A] Banco de Dados                : CPPRD
26/03/2025-08:01:01        [A] N\u00edvel de Detalhe              : BAIXO
26/03/2025-08:01:01        [A] Local log                     : UTLFILE
26/03/2025-08:01:01        [A] Nome log                      : PRO_PROCESS_10_0_20250326080100.log
26/03/2025-08:01:01        [A] ================================================================================
26/03/2025-08:01:01        [A] Parametro - Lote PAI          : 9455
26/03/2025-08:01:01        [A] Parametro - Instancia MOD     : 0/10
26/03/2025-08:01:01        [A] ================================================================================
26/03/2025-08:01:01        [A] Qtde parcial proc             : 1.000 registro(s)
26/03/2025-08:01:01        [A] ================================================================================
26/03/2025-08:01:01        [A] *******************  Nao existe retorno por processar !!!
26/03/2025-08:01:01        [A] ================================================================================
26/03/2025-08:01:01        [A] TEMPO PROC - HIST_RETORNO_PROC: 0 segs
26/03/2025-08:01:01        [A] ================================================================================
26/03/2025-08:01:01        [A] Finalizado em                 : 26/03/2025 08:01:01
26/03/2025-08:01:01        [A] ================================================================================
26/03/2025-08:01:01        [A] STATUS#OK
26/03/2025-08:01:01    [E] Validando procedure
26/03/2025-08:01:01        [I] Procurando string < STATUS#OK > no log
26/03/2025-08:01:01        [I] Procedure executada com sucesso
26/03/2025-08:01:01        [I] Procedure CPADM.PKG_CP_HISTORICO_RETORNO.PRO_PROCESS :: mod 10 :: resto 0 concluida
26/03/2025-08:01:01        [I] Resto 0 iniciado
26/03/2025-08:01:01    [E] Iniciando resto 1
26/03/2025-08:01:02        [I] Iniciando execucao da procedure CPADM.PKG_CP_HISTORICO_RETORNO.PRO_PROCESS para lote [9455]
26/03/2025-08:01:02    [E] Executando procedure : CPADM.PKG_CP_HISTORICO_RETORNO.PRO_PROCESS com parametros : ('UTLFILE', 'PRO_PROCESS_10_1_20250326080102.log', '1', '9455', 10, 1)
26/03/2025-08:01:02        [I] Final da execucao da procedure
26/03/2025-08:01:02        [A] ARQUIVO < /workprod/CPPRD/utlfile/PRO_PROCESS_10_1_20250326080102.log >
26/03/2025-08:01:02        [A] ================================================================================
26/03/2025-08:01:02        [A] ================ CADASTRO POSITIVO (CP) - HIST_RETORNO_PROCESS =================
26/03/2025-08:01:02        [A] ================================================================================
26/03/2025-08:01:02        [A] Iniciado em                   : 26/03/2025 08:01:02
26/03/2025-08:01:02        [A] Usu\u00e1rio                       : PRODUCAO
26/03/2025-08:01:02        [A] Banco de Dados                : CPPRD
26/03/2025-08:01:02        [A] N\u00edvel de Detalhe              : BAIXO
26/03/2025-08:01:02        [A] Local log                     : UTLFILE
26/03/2025-08:01:02        [A] Nome log                      : PRO_PROCESS_10_1_20250326080102.log
26/03/2025-08:01:02        [A] ================================================================================
26/03/2025-08:01:02        [A] Parametro - Lote PAI          : 9455
26/03/2025-08:01:02        [A] Parametro - Instancia MOD     : 1/10
26/03/2025-08:01:02        [A] ================================================================================
26/03/2025-08:01:02        [A] Qtde parcial proc             : 1.000 registro(s)
26/03/2025-08:01:02        [A] ================================================================================
26/03/2025-08:01:02        [A] *******************  Nao existe retorno por processar !!!
26/03/2025-08:01:02        [A] ================================================================================
26/03/2025-08:01:02        [A] TEMPO PROC - HIST_RETORNO_PROC: 0 segs
26/03/2025-08:01:02        [A] ================================================================================
26/03/2025-08:01:02        [A] Finalizado em                 : 26/03/2025 08:01:02
26/03/2025-08:01:02        [A] ================================================================================
26/03/2025-08:01:02        [A] STATUS#OK
26/03/2025-08:01:02    [E] Validando procedure
26/03/2025-08:01:02        [I] Procurando string < STATUS#OK > no log
26/03/2025-08:01:02        [I] Procedure executada com sucesso
26/03/2025-08:01:02        [I] Procedure CPADM.PKG_CP_HISTORICO_RETORNO.PRO_PROCESS :: mod 10 :: resto 1 concluida
26/03/2025-08:01:02        [I] Resto 1 iniciado
26/03/2025-08:01:02    [E] Iniciando resto 2
26/03/2025-08:01:02        [I] Iniciando execucao da procedure CPADM.PKG_CP_HISTORICO_RETORNO.PRO_PROCESS para lote [9455]
26/03/2025-08:01:02    [E] Executando procedure : CPADM.PKG_CP_HISTORICO_RETORNO.PRO_PROCESS com parametros : ('UTLFILE', 'PRO_PROCESS_10_2_20250326080102.log', '1', '9455', 10, 2)
26/03/2025-08:01:03        [I] Final da execucao da procedure
26/03/2025-08:01:03        [A] ARQUIVO < /workprod/CPPRD/utlfile/PRO_PROCESS_10_2_20250326080102.log >
26/03/2025-08:01:03        [A] ================================================================================
26/03/2025-08:01:03        [A] ================ CADASTRO POSITIVO (CP) - HIST_RETORNO_PROCESS =================
26/03/2025-08:01:03        [A] ================================================================================
26/03/2025-08:01:03        [A] Iniciado em                   : 26/03/2025 08:01:03
26/03/2025-08:01:03        [A] Usu\u00e1rio                       : PRODUCAO
26/03/2025-08:01:03        [A] Banco de Dados                : CPPRD
26/03/2025-08:01:03        [A] N\u00edvel de Detalhe              : BAIXO
26/03/2025-08:01:03        [A] Local log                     : UTLFILE
26/03/2025-08:01:03        [A] Nome log                      : PRO_PROCESS_10_2_20250326080102.log
26/03/2025-08:01:03        [A] ================================================================================
26/03/2025-08:01:03        [A] Parametro - Lote PAI          : 9455
26/03/2025-08:01:03        [A] Parametro - Instancia MOD     : 2/10
26/03/2025-08:01:03        [A] ================================================================================
26/03/2025-08:01:03        [A] Qtde parcial proc             : 1.000 registro(s)
26/03/2025-08:01:03        [A] ================================================================================
26/03/2025-08:01:03        [A] *******************  Nao existe retorno por processar !!!
26/03/2025-08:01:03        [A] ================================================================================
26/03/2025-08:01:03        [A] TEMPO PROC - HIST_RETORNO_PROC: 1 segs
26/03/2025-08:01:03        [A] ================================================================================
26/03/2025-08:01:03        [A] Finalizado em                 : 26/03/2025 08:01:03
26/03/2025-08:01:03        [A] ================================================================================
26/03/2025-08:01:03        [A] STATUS#OK
26/03/2025-08:01:03    [E] Validando procedure
26/03/2025-08:01:03        [I] Procurando string < STATUS#OK > no log
26/03/2025-08:01:03        [I] Procedure executada com sucesso
26/03/2025-08:01:03        [I] Procedure CPADM.PKG_CP_HISTORICO_RETORNO.PRO_PROCESS :: mod 10 :: resto 2 concluida
26/03/2025-08:01:03        [I] Resto 2 iniciado
26/03/2025-08:01:03    [E] Iniciando resto 3
26/03/2025-08:01:03        [I] Iniciando execucao da procedure CPADM.PKG_CP_HISTORICO_RETORNO.PRO_PROCESS para lote [9455]
26/03/2025-08:01:03    [E] Executando procedure : CPADM.PKG_CP_HISTORICO_RETORNO.PRO_PROCESS com parametros : ('UTLFILE', 'PRO_PROCESS_10_3_20250326080103.log', '1', '9455', 10, 3)
26/03/2025-08:01:03        [I] Final da execucao da procedure
26/03/2025-08:01:03        [A] ARQUIVO < /workprod/CPPRD/utlfile/PRO_PROCESS_10_3_20250326080103.log >
26/03/2025-08:01:03        [A] ================================================================================
26/03/2025-08:01:03        [A] ================ CADASTRO POSITIVO (CP) - HIST_RETORNO_PROCESS =================
26/03/2025-08:01:03        [A] ================================================================================
26/03/2025-08:01:03        [A] Iniciado em                   : 26/03/2025 08:01:03
26/03/2025-08:01:03        [A] Usu\u00e1rio                       : PRODUCAO
26/03/2025-08:01:03        [A] Banco de Dados                : CPPRD
26/03/2025-08:01:03        [A] N\u00edvel de Detalhe              : BAIXO
26/03/2025-08:01:03        [A] Local log                     : UTLFILE
26/03/2025-08:01:03        [A] Nome log                      : PRO_PROCESS_10_3_20250326080103.log
26/03/2025-08:01:03        [A] ================================================================================
26/03/2025-08:01:03        [A] Parametro - Lote PAI          : 9455
26/03/2025-08:01:03        [A] Parametro - Instancia MOD     : 3/10
26/03/2025-08:01:04        [A] ================================================================================
26/03/2025-08:01:04        [A] Qtde parcial proc             : 1.000 registro(s)
26/03/2025-08:01:04        [A] ================================================================================
26/03/2025-08:01:04        [A] *******************  Nao existe retorno por processar !!!
26/03/2025-08:01:04        [A] ================================================================================
26/03/2025-08:01:04        [A] TEMPO PROC - HIST_RETORNO_PROC: 0 segs
26/03/2025-08:01:04        [A] ================================================================================
26/03/2025-08:01:04        [A] Finalizado em                 : 26/03/2025 08:01:03
26/03/2025-08:01:04        [A] ================================================================================
26/03/2025-08:01:04        [A] STATUS#OK
26/03/2025-08:01:04    [E] Validando procedure
26/03/2025-08:01:04        [I] Procurando string < STATUS#OK > no log
26/03/2025-08:01:04        [I] Procedure executada com sucesso
26/03/2025-08:01:04        [I] Procedure CPADM.PKG_CP_HISTORICO_RETORNO.PRO_PROCESS :: mod 10 :: resto 3 concluida
26/03/2025-08:01:04        [I] Resto 3 iniciado
26/03/2025-08:01:04    [E] Iniciando resto 4
26/03/2025-08:01:05        [I] Iniciando execucao da procedure CPADM.PKG_CP_HISTORICO_RETORNO.PRO_PROCESS para lote [9455]
26/03/2025-08:01:05    [E] Executando procedure : CPADM.PKG_CP_HISTORICO_RETORNO.PRO_PROCESS com parametros : ('UTLFILE', 'PRO_PROCESS_10_4_20250326080105.log', '1', '9455', 10, 4)
26/03/2025-08:01:05        [I] Final da execucao da procedure
26/03/2025-08:01:05        [A] ARQUIVO < /workprod/CPPRD/utlfile/PRO_PROCESS_10_4_20250326080105.log >
26/03/2025-08:01:05        [A] ================================================================================
26/03/2025-08:01:05        [A] ================ CADASTRO POSITIVO (CP) - HIST_RETORNO_PROCESS =================
26/03/2025-08:01:05        [A] ================================================================================
26/03/2025-08:01:05        [A] Iniciado em                   : 26/03/2025 08:01:05
26/03/2025-08:01:05        [A] Usu\u00e1rio                       : PRODUCAO
26/03/2025-08:01:05        [A] Banco de Dados                : CPPRD
26/03/2025-08:01:05        [A] N\u00edvel de Detalhe              : BAIXO
26/03/2025-08:01:05        [A] Local log                     : UTLFILE
26/03/2025-08:01:05        [A] Nome log                      : PRO_PROCESS_10_4_20250326080105.log
26/03/2025-08:01:05        [A] ================================================================================
26/03/2025-08:01:05        [A] Parametro - Lote PAI          : 9455
26/03/2025-08:01:05        [A] Parametro - Instancia MOD     : 4/10
26/03/2025-08:01:05        [A] ================================================================================
26/03/2025-08:01:05        [A] Qtde parcial proc             : 1.000 registro(s)
26/03/2025-08:01:05        [A] ================================================================================
26/03/2025-08:01:05        [A] *******************  Nao existe retorno por processar !!!
26/03/2025-08:01:05        [A] ================================================================================
26/03/2025-08:01:05        [A] TEMPO PROC - HIST_RETORNO_PROC: 0 segs
26/03/2025-08:01:05        [A] ================================================================================
26/03/2025-08:01:05        [A] Finalizado em                 : 26/03/2025 08:01:05
26/03/2025-08:01:05        [A] ================================================================================
26/03/2025-08:01:05        [A] STATUS#OK
26/03/2025-08:01:05    [E] Validando procedure
26/03/2025-08:01:05        [I] Procurando string < STATUS#OK > no log
26/03/2025-08:01:05        [I] Procedure executada com sucesso
26/03/2025-08:01:05        [I] Procedure CPADM.PKG_CP_HISTORICO_RETORNO.PRO_PROCESS :: mod 10 :: resto 4 concluida
26/03/2025-08:01:05        [I] Resto 4 iniciado
26/03/2025-08:01:05    [E] Iniciando resto 5
26/03/2025-08:01:06        [I] Iniciando execucao da procedure CPADM.PKG_CP_HISTORICO_RETORNO.PRO_PROCESS para lote [9455]
26/03/2025-08:01:06    [E] Executando procedure : CPADM.PKG_CP_HISTORICO_RETORNO.PRO_PROCESS com parametros : ('UTLFILE', 'PRO_PROCESS_10_5_20250326080106.log', '1', '9455', 10, 5)
26/03/2025-08:01:06        [I] Final da execucao da procedure
26/03/2025-08:01:06        [A] ARQUIVO < /workprod/CPPRD/utlfile/PRO_PROCESS_10_5_20250326080106.log >
26/03/2025-08:01:06        [A] ================================================================================
26/03/2025-08:01:06        [A] ================ CADASTRO POSITIVO (CP) - HIST_RETORNO_PROCESS =================
26/03/2025-08:01:06        [A] ================================================================================
26/03/2025-08:01:06        [A] Iniciado em                   : 26/03/2025 08:01:06
26/03/2025-08:01:06        [A] Usu\u00e1rio                       : PRODUCAO
26/03/2025-08:01:06        [A] Banco de Dados                : CPPRD
26/03/2025-08:01:06        [A] N\u00edvel de Detalhe              : BAIXO
26/03/2025-08:01:06        [A] Local log                     : UTLFILE
26/03/2025-08:01:06        [A] Nome log                      : PRO_PROCESS_10_5_20250326080106.log
26/03/2025-08:01:06        [A] ================================================================================
26/03/2025-08:01:06        [A] Parametro - Lote PAI          : 9455
26/03/2025-08:01:06        [A] Parametro - Instancia MOD     : 5/10
26/03/2025-08:01:06        [A] ================================================================================
26/03/2025-08:01:06        [A] Qtde parcial proc             : 1.000 registro(s)
26/03/2025-08:01:06        [A] ================================================================================
26/03/2025-08:01:06        [A] *******************  Nao existe retorno por processar !!!
26/03/2025-08:01:06        [A] ================================================================================
26/03/2025-08:01:06        [A] TEMPO PROC - HIST_RETORNO_PROC: 0 segs
26/03/2025-08:01:06        [A] ================================================================================
26/03/2025-08:01:06        [A] Finalizado em                 : 26/03/2025 08:01:06
26/03/2025-08:01:06        [A] ================================================================================
26/03/2025-08:01:06        [A] STATUS#OK
26/03/2025-08:01:06    [E] Validando procedure
26/03/2025-08:01:06        [I] Procurando string < STATUS#OK > no log
26/03/2025-08:01:06        [I] Procedure executada com sucesso
26/03/2025-08:01:06        [I] Procedure CPADM.PKG_CP_HISTORICO_RETORNO.PRO_PROCESS :: mod 10 :: resto 5 concluida
26/03/2025-08:01:06        [I] Resto 5 iniciado
26/03/2025-08:01:06    [E] Iniciando resto 6
26/03/2025-08:01:07        [I] Iniciando execucao da procedure CPADM.PKG_CP_HISTORICO_RETORNO.PRO_PROCESS para lote [9455]
26/03/2025-08:01:07    [E] Executando procedure : CPADM.PKG_CP_HISTORICO_RETORNO.PRO_PROCESS com parametros : ('UTLFILE', 'PRO_PROCESS_10_6_20250326080107.log', '1', '9455', 10, 6)
26/03/2025-08:01:07        [I] Final da execucao da procedure
26/03/2025-08:01:07        [A] ARQUIVO < /workprod/CPPRD/utlfile/PRO_PROCESS_10_6_20250326080107.log >
26/03/2025-08:01:07        [A] ================================================================================
26/03/2025-08:01:07        [A] ================ CADASTRO POSITIVO (CP) - HIST_RETORNO_PROCESS =================
26/03/2025-08:01:07        [A] ================================================================================
26/03/2025-08:01:07        [A] Iniciado em                   : 26/03/2025 08:01:07
26/03/2025-08:01:07        [A] Usu\u00e1rio                       : PRODUCAO
26/03/2025-08:01:07        [A] Banco de Dados                : CPPRD
26/03/2025-08:01:07        [A] N\u00edvel de Detalhe              : BAIXO
26/03/2025-08:01:07        [A] Local log                     : UTLFILE
26/03/2025-08:01:07        [A] Nome log                      : PRO_PROCESS_10_6_20250326080107.log
26/03/2025-08:01:07        [A] ================================================================================
26/03/2025-08:01:07        [A] Parametro - Lote PAI          : 9455
26/03/2025-08:01:07        [A] Parametro - Instancia MOD     : 6/10
26/03/2025-08:01:07        [A] ================================================================================
26/03/2025-08:01:07        [A] Qtde parcial proc             : 1.000 registro(s)
26/03/2025-08:01:07        [A] ================================================================================
26/03/2025-08:01:07        [A] *******************  Nao existe retorno por processar !!!
26/03/2025-08:01:07        [A] ================================================================================
26/03/2025-08:01:07        [A] TEMPO PROC - HIST_RETORNO_PROC: 0 segs
26/03/2025-08:01:07        [A] ================================================================================
26/03/2025-08:01:07        [A] Finalizado em                 : 26/03/2025 08:01:07
26/03/2025-08:01:07        [A] ================================================================================
26/03/2025-08:01:07        [A] STATUS#OK
26/03/2025-08:01:07    [E] Validando procedure
26/03/2025-08:01:07        [I] Procurando string < STATUS#OK > no log
26/03/2025-08:01:07        [I] Procedure executada com sucesso
26/03/2025-08:01:07        [I] Procedure CPADM.PKG_CP_HISTORICO_RETORNO.PRO_PROCESS :: mod 10 :: resto 6 concluida
26/03/2025-08:01:07        [I] Resto 6 iniciado
26/03/2025-08:01:07    [E] Iniciando resto 7
26/03/2025-08:01:08        [I] Iniciando execucao da procedure CPADM.PKG_CP_HISTORICO_RETORNO.PRO_PROCESS para lote [9455]
26/03/2025-08:01:08    [E] Executando procedure : CPADM.PKG_CP_HISTORICO_RETORNO.PRO_PROCESS com parametros : ('UTLFILE', 'PRO_PROCESS_10_7_20250326080108.log', '1', '9455', 10, 7)
26/03/2025-08:01:08        [I] Final da execucao da procedure
26/03/2025-08:01:08        [A] ARQUIVO < /workprod/CPPRD/utlfile/PRO_PROCESS_10_7_20250326080108.log >
26/03/2025-08:01:08        [A] ================================================================================
26/03/2025-08:01:08        [A] ================ CADASTRO POSITIVO (CP) - HIST_RETORNO_PROCESS =================
26/03/2025-08:01:08        [A] ================================================================================
26/03/2025-08:01:08        [A] Iniciado em                   : 26/03/2025 08:01:08
26/03/2025-08:01:08        [A] Usu\u00e1rio                       : PRODUCAO
26/03/2025-08:01:08        [A] Banco de Dados                : CPPRD
26/03/2025-08:01:08        [A] N\u00edvel de Detalhe              : BAIXO
26/03/2025-08:01:08        [A] Local log                     : UTLFILE
26/03/2025-08:01:08        [A] Nome log                      : PRO_PROCESS_10_7_20250326080108.log
26/03/2025-08:01:08        [A] ================================================================================
26/03/2025-08:01:08        [A] Parametro - Lote PAI          : 9455
26/03/2025-08:01:08        [A] Parametro - Instancia MOD     : 7/10
26/03/2025-08:01:08        [A] ================================================================================
26/03/2025-08:01:08        [A] Qtde parcial proc             : 1.000 registro(s)
26/03/2025-08:01:08        [A] ================================================================================
26/03/2025-08:01:08        [A] *******************  Nao existe retorno por processar !!!
26/03/2025-08:01:08        [A] ================================================================================
26/03/2025-08:01:08        [A] TEMPO PROC - HIST_RETORNO_PROC: 0 segs
26/03/2025-08:01:08        [A] ================================================================================
26/03/2025-08:01:08        [A] Finalizado em                 : 26/03/2025 08:01:08
26/03/2025-08:01:08        [A] ================================================================================
26/03/2025-08:01:08        [A] STATUS#OK
26/03/2025-08:01:08    [E] Validando procedure
26/03/2025-08:01:08        [I] Procurando string < STATUS#OK > no log
26/03/2025-08:01:08        [I] Procedure executada com sucesso
26/03/2025-08:01:08        [I] Procedure CPADM.PKG_CP_HISTORICO_RETORNO.PRO_PROCESS :: mod 10 :: resto 7 concluida
26/03/2025-08:01:08        [I] Resto 7 iniciado
26/03/2025-08:01:08    [E] Iniciando resto 8
26/03/2025-08:01:09        [I] Iniciando execucao da procedure CPADM.PKG_CP_HISTORICO_RETORNO.PRO_PROCESS para lote [9455]
26/03/2025-08:01:09    [E] Executando procedure : CPADM.PKG_CP_HISTORICO_RETORNO.PRO_PROCESS com parametros : ('UTLFILE', 'PRO_PROCESS_10_8_20250326080109.log', '1', '9455', 10, 8)
26/03/2025-08:01:09        [I] Final da execucao da procedure
26/03/2025-08:01:09        [A] ARQUIVO < /workprod/CPPRD/utlfile/PRO_PROCESS_10_8_20250326080109.log >
26/03/2025-08:01:09        [A] ================================================================================
26/03/2025-08:01:09        [A] ================ CADASTRO POSITIVO (CP) - HIST_RETORNO_PROCESS =================
26/03/2025-08:01:09        [A] ================================================================================
26/03/2025-08:01:09        [A] Iniciado em                   : 26/03/2025 08:01:09
26/03/2025-08:01:09        [A] Usu\u00e1rio                       : PRODUCAO
26/03/2025-08:01:09        [A] Banco de Dados                : CPPRD
26/03/2025-08:01:09        [A] N\u00edvel de Detalhe              : BAIXO
26/03/2025-08:01:09        [A] Local log                     : UTLFILE
26/03/2025-08:01:09        [A] Nome log                      : PRO_PROCESS_10_8_20250326080109.log
26/03/2025-08:01:09        [A] ================================================================================
26/03/2025-08:01:09        [A] Parametro - Lote PAI          : 9455
26/03/2025-08:01:09        [A] Parametro - Instancia MOD     : 8/10
26/03/2025-08:01:09        [A] ================================================================================
26/03/2025-08:01:09        [A] Qtde parcial proc             : 1.000 registro(s)
26/03/2025-08:01:09        [A] ================================================================================
26/03/2025-08:01:09        [A] *******************  Nao existe retorno por processar !!!
26/03/2025-08:01:09        [A] ================================================================================
26/03/2025-08:01:09        [A] TEMPO PROC - HIST_RETORNO_PROC: 0 segs
26/03/2025-08:01:09        [A] ================================================================================
26/03/2025-08:01:09        [A] Finalizado em                 : 26/03/2025 08:01:09
26/03/2025-08:01:09        [A] ================================================================================
26/03/2025-08:01:09        [A] STATUS#OK
26/03/2025-08:01:09    [E] Validando procedure
26/03/2025-08:01:09        [I] Procurando string < STATUS#OK > no log
26/03/2025-08:01:09        [I] Procedure executada com sucesso
26/03/2025-08:01:09        [I] Procedure CPADM.PKG_CP_HISTORICO_RETORNO.PRO_PROCESS :: mod 10 :: resto 8 concluida
26/03/2025-08:01:09        [I] Resto 8 iniciado
26/03/2025-08:01:09    [E] Iniciando resto 9
26/03/2025-08:01:10        [I] Iniciando execucao da procedure CPADM.PKG_CP_HISTORICO_RETORNO.PRO_PROCESS para lote [9455]
26/03/2025-08:01:10    [E] Executando procedure : CPADM.PKG_CP_HISTORICO_RETORNO.PRO_PROCESS com parametros : ('UTLFILE', 'PRO_PROCESS_10_9_20250326080110.log', '1', '9455', 10, 9)
26/03/2025-08:01:10        [I] Final da execucao da procedure
26/03/2025-08:01:10        [A] ARQUIVO < /workprod/CPPRD/utlfile/PRO_PROCESS_10_9_20250326080110.log >
26/03/2025-08:01:10        [A] ================================================================================
26/03/2025-08:01:10        [A] ================ CADASTRO POSITIVO (CP) - HIST_RETORNO_PROCESS =================
26/03/2025-08:01:10        [A] ================================================================================
26/03/2025-08:01:10        [A] Iniciado em                   : 26/03/2025 08:01:10
26/03/2025-08:01:10        [A] Usu\u00e1rio                       : PRODUCAO
26/03/2025-08:01:10        [A] Banco de Dados                : CPPRD
26/03/2025-08:01:10        [A] N\u00edvel de Detalhe              : BAIXO
26/03/2025-08:01:10        [A] Local log                     : UTLFILE
26/03/2025-08:01:10        [A] Nome log                      : PRO_PROCESS_10_9_20250326080110.log
26/03/2025-08:01:10        [A] ================================================================================
26/03/2025-08:01:10        [A] Parametro - Lote PAI          : 9455
26/03/2025-08:01:10        [A] Parametro - Instancia MOD     : 9/10
26/03/2025-08:01:10        [A] ================================================================================
26/03/2025-08:01:10        [A] Qtde parcial proc             : 1.000 registro(s)
26/03/2025-08:01:10        [A] ================================================================================
26/03/2025-08:01:10        [A] *******************  Nao existe retorno por processar !!!
26/03/2025-08:01:10        [A] ================================================================================
26/03/2025-08:01:10        [A] TEMPO PROC - HIST_RETORNO_PROC: 0 segs
26/03/2025-08:01:10        [A] ================================================================================
26/03/2025-08:01:10        [A] Finalizado em                 : 26/03/2025 08:01:10
26/03/2025-08:01:10        [A] ================================================================================
26/03/2025-08:01:10        [A] STATUS#OK
26/03/2025-08:01:10    [E] Validando procedure
26/03/2025-08:01:10        [I] Procurando string < STATUS#OK > no log
26/03/2025-08:01:10        [I] Procedure executada com sucesso
26/03/2025-08:01:10        [I] Procedure CPADM.PKG_CP_HISTORICO_RETORNO.PRO_PROCESS :: mod 10 :: resto 9 concluida
26/03/2025-08:01:10        [I] Resto 9 iniciado
26/03/2025-08:01:10        [I] aguardando procedures terminarem
26/03/2025-08:01:10        [I] Procedures finalizadas
26/03/2025-08:01:10        [I] Resto 0 finalizado com SUCESSO
26/03/2025-08:01:10        [I] Resto 1 finalizado com SUCESSO
26/03/2025-08:01:10        [I] Resto 2 finalizado com SUCESSO
26/03/2025-08:01:10        [I] Resto 3 finalizado com SUCESSO
26/03/2025-08:01:10        [I] Resto 4 finalizado com SUCESSO
26/03/2025-08:01:10        [I] Resto 5 finalizado com SUCESSO
26/03/2025-08:01:10        [I] Resto 6 finalizado com SUCESSO
26/03/2025-08:01:10        [I] Resto 7 finalizado com SUCESSO
26/03/2025-08:01:10        [I] Resto 8 finalizado com SUCESSO
26/03/2025-08:01:10        [I] Resto 9 finalizado com SUCESSO
26/03/2025-08:01:11        [I] Iniciando execucao da procedure CPADM.PKG_CP_HISTORICO_RETORNO.PRO_FINISH para lote [9455]
26/03/2025-08:01:11    [E] Executando procedure : CPADM.PKG_CP_HISTORICO_RETORNO.PRO_FINISH com parametros : ('UTLFILE', 'PRO_FINISH20250326080111.log', '1', '9455')
26/03/2025-08:01:11        [I] Final da execucao da procedure
26/03/2025-08:01:11        [A] ARQUIVO < /workprod/CPPRD/utlfile/PRO_FINISH20250326080111.log >
26/03/2025-08:01:11        [A] ================================================================================
26/03/2025-08:01:11        [A] =========== CADASTRO POSITIVO (CP) - HIST_RETORNO_PROCESS - FINISH =============
26/03/2025-08:01:11        [A] ================================================================================
26/03/2025-08:01:11        [A] Iniciado em                   : 26/03/2025 08:01:11
26/03/2025-08:01:11        [A] Usu\u00e1rio                       : PRODUCAO
26/03/2025-08:01:11        [A] Banco de Dados                : CPPRD
26/03/2025-08:01:11        [A] N\u00edvel de Detalhe              : BAIXO
26/03/2025-08:01:11        [A] Local log                     : UTLFILE
26/03/2025-08:01:11        [A] Nome log                      : PRO_FINISH20250326080111.log
26/03/2025-08:01:11        [A] ================================================================================
26/03/2025-08:01:11        [A] Parametro - Lote HIST_RETORNO : 9455
26/03/2025-08:01:11        [A] ================================================================================
26/03/2025-08:01:11        [A] ================================================================================
26/03/2025-08:01:11        [A] TEMPO PROC                    : 0 segs
26/03/2025-08:01:11        [A] ================================================================================
26/03/2025-08:01:11        [A] ================================================================================
26/03/2025-08:01:11        [A] Finalizado em                 : 26/03/2025 08:01:11
26/03/2025-08:01:11        [A] ================================================================================
26/03/2025-08:01:11        [A] STATUS#OK
26/03/2025-08:01:11    [E] Validando procedure
26/03/2025-08:01:11        [I] Procurando string < STATUS#OK > no log
26/03/2025-08:01:11        [I] Procedure executada com sucesso
26/03/2025-08:01:11        [I] Procedure executada com sucesso !
26/03/2025-08:01:11    [E] FIM processamento para GBD ....: PRD_ACPT112_28042871_71208516_20250317
26/03/2025-08:01:11    [E] INICIO Processamento para GBD .....: [PRD_ACPT112_28042871_71208516_20250324]
26/03/2025-08:01:11    [ERRO]############################################################
                       [ERRO] Nao existe arquivo com sequencial 00001 para passar como parametro. ['PRD_ACPT112_28042871_71208516_20250324_00003']
                       [ERRO]############################################################
26/03/2025-08:01:11    [EXCECAO]------------------------------------------------------------------------------------------------------------------------
                       [EXCECAO] api.fluxo : loop > Traceback (most recent call last):
                       [EXCECAO] api.fluxo : loop >   File \"/home/producao/CAD_POSITIVO/py/CAD_POSITIVO_HistoricoRetorno.py\", line 303, in execProcStart
                       [EXCECAO] api.fluxo : loop >      arq_00001 = [s for s in lst_arq if \"_00001\" in s][0]
                       [EXCECAO] api.fluxo : loop > IndexError: list index out of range
                       [EXCECAO] api.fluxo : loop > 
                       [EXCECAO] api.fluxo : loop >  During handling of the above exception, another exception occurred:
                       [EXCECAO] api.fluxo : loop >  
                       [EXCECAO] api.fluxo : loop > Traceback (most recent call last):
                       [EXCECAO] api.fluxo : loop >   File \"/home/producao/pyApiAlgar/PRD/api/base.py\", line 30, in funcaoNova
                       [EXCECAO] api.fluxo : loop >      ret = funcao(*args, **kwargs)
                       [EXCECAO] api.fluxo : loop >   File \"/home/producao/pyApiAlgar/PRD/api/fluxo.py\", line 48, in loop
                       [EXCECAO] api.fluxo : loop >      retFnc = fnc()
                       [EXCECAO] api.fluxo : loop >   File \"/home/producao/CAD_POSITIVO/py/CAD_POSITIVO_HistoricoRetorno.py\", line 162, in gerencia
                       [EXCECAO] api.fluxo : loop >      lote = execProcStart(dic_gbds[gbd])
                       [EXCECAO] api.fluxo : loop >   File \"/home/producao/CAD_POSITIVO/py/CAD_POSITIVO_HistoricoRetorno.py\", line 307, in execProcStart
                       [EXCECAO] api.fluxo : loop >      raise False
                       [EXCECAO] api.fluxo : loop > TypeError: exceptions must derive from BaseException
                       [EXCECAO]------------------------------------------------------------------------------------------------------------------------
26/03/2025-08:01:11 EMAIL ERRO .....: roberto.dias@teltools.com.br, anderson.moreno@teltools.com.br,  aleciof@algartelecom.com.br, cobrancacm@accenture.com, eduardo.urias.faria@accenture.com, adriana.a.domingues@accenture.com, paloma.serra.suzano@accenture.com, priscilarf@algartelecom.com.br
26/03/2025-08:01:11 --------------------------------------------------------------------------------
                    FIM :: STATUS .....: ERRO
26/03/2025-08:01:11[E] Iniciando conexao com servidor de email 10.11.133.229
26/03/2025-08:01:14    [I] Conexao estabelecida
26/03/2025-08:01:14    [I] Email enviado

================================================================================
DATA_FIM#26/03/2025 08:01:15
STATUS#ERRO

