DATA_INICIO#19/02/2025 13:45:43
COMANDO#\"/home/producao/KENAN/py/ALGAR_PRD_ExecGen.py\" -P 24_INTERFACE_SOB_DEMANDA -GP -1 -T DEMANDA
================================================================================

19/02/2025-13:45:44 INICIO - Sistema..: KENAN
                    INICIO - Script...: ALGAR_PRD_ExecGen_24_INTERFACE_SOB_DEMANDA
                    --------------------------------------------------------------------------------
19/02/2025-13:45:44    [E] Criando lock
19/02/2025-13:45:44        [I] Lock criado
19/02/2025-13:45:44    [E] ETAPA << EXECUTAR PROCESSO >> :: INICIANDO
19/02/2025-13:45:44        [E] Executando processo generico => 24_INTERFACE_SOB_DEMANDA
19/02/2025-13:45:44        [E] Iniciando configuracao do processo 24_INTERFACE_SOB_DEMANDA
19/02/2025-13:45:44            [I] Preparando sequencia de etapas a executar
19/02/2025-13:45:44            [I] Lista de etapas a executar: ['INTERFACE_PROCESSOS_FULL', 'EXECUTA_BINARIO_FULL', 'RESTO_FULL', 'VERIFICA_DEMANDA', 'INTERFACE_PROCESSOS_DEMANDA', 'EXECUTA_BINARIO_DEMANDA', 'FINALIZA_INTERFACE', 'REDIRECIONA_CDRS']
19/02/2025-13:45:44            [I] Processo PERSISTENTE. Mantendo residuos de execucao anterior
19/02/2025-13:45:44        [E] Atualizando parametros para o processo ID = 23
19/02/2025-13:45:44                [I] Valores anteriores removidos
19/02/2025-13:45:44                [I] Inserido parametro : TIPO_EXECUCAO => DEMANDA
19/02/2025-13:45:44                [I] Inserido parametro : FULL => S
19/02/2025-13:45:44                [I] Inserido parametro : GRUPO => -1
19/02/2025-13:45:44                [I] Inserido parametro : Anexos => N
19/02/2025-13:45:44                [I] Inserido parametro : QTD_INST_RAP => 5
19/02/2025-13:45:44                [I] Parametros atualizados
19/02/2025-13:45:44        [E] Iniciando configuracao das etapas do processo 24_INTERFACE_SOB_DEMANDA
19/02/2025-13:45:44            [I] Etapas configuradas
19/02/2025-13:45:44        [E] Iniciando execucao do processo
19/02/2025-13:45:44        [E] Iniciando execucao da etapa INTERFACE_PROCESSOS_FULL
19/02/2025-13:45:44            [E] [ ETAPA: INTERFACE_PROCESSOS_FULL ] Iniciando instancias da etapa
19/02/2025-13:45:45            [E] [ ETAPA: INTERFACE_PROCESSOS_FULL ] Iniciando execucao
19/02/2025-13:45:45                [I] [ ETAPA: INTERFACE_PROCESSOS_FULL ] Testando gatilho :: TIPO => 'DEMANDA' == 'FULL'
19/02/2025-13:45:45                [I] [ ETAPA: INTERFACE_PROCESSOS_FULL ] Gatilho falhou.
19/02/2025-13:45:45                [I] [ ETAPA: INTERFACE_PROCESSOS_FULL ] Gatilho nao aborta. Continuando execucao
19/02/2025-13:45:45            [I] Etapa INTERFACE_PROCESSOS_FULL finalizada com SUCESSO
19/02/2025-13:45:46        [E] Iniciando execucao da etapa EXECUTA_BINARIO_FULL
19/02/2025-13:45:46            [E] [ ETAPA: EXECUTA_BINARIO_FULL ] Iniciando instancias da etapa
19/02/2025-13:45:56            [E] [ ETAPA: EXECUTA_BINARIO_FULL ] Iniciando execucao
19/02/2025-13:45:56                [I] [ ETAPA: EXECUTA_BINARIO_FULL ] Testando gatilho :: TIPO => 'DEMANDA' == 'FULL'
19/02/2025-13:45:56                [I] [ ETAPA: EXECUTA_BINARIO_FULL ] Gatilho falhou.
19/02/2025-13:45:56                [I] [ ETAPA: EXECUTA_BINARIO_FULL ] Gatilho nao aborta. Continuando execucao
19/02/2025-13:45:56            [I] Etapa EXECUTA_BINARIO_FULL finalizada com SUCESSO
19/02/2025-13:45:57        [E] Iniciando execucao da etapa RESTO_FULL
19/02/2025-13:45:57            [E] [ ETAPA: RESTO_FULL ] Iniciando instancias da etapa
19/02/2025-13:45:58            [E] [ ETAPA: RESTO_FULL ] Iniciando execucao
19/02/2025-13:45:58                [I] [ ETAPA: RESTO_FULL ] Testando gatilho :: TIPO => 'DEMANDA' == 'FULL'
19/02/2025-13:45:58                [I] [ ETAPA: RESTO_FULL ] Gatilho falhou.
19/02/2025-13:45:58                [I] [ ETAPA: RESTO_FULL ] Gatilho nao aborta. Continuando execucao
19/02/2025-13:45:58            [I] Etapa RESTO_FULL finalizada com SUCESSO
19/02/2025-13:45:59        [E] Iniciando execucao da etapa VERIFICA_DEMANDA
19/02/2025-13:45:59            [E] [ ETAPA: VERIFICA_DEMANDA ] Iniciando instancias da etapa
19/02/2025-13:46:00            [E] [ ETAPA: VERIFICA_DEMANDA ] Iniciando execucao
19/02/2025-13:46:00            [E] [ ETAPA: VERIFICA_DEMANDA - JOB :SELECT ] Iniciando execucao
19/02/2025-13:46:01                [E] [ ETAPA: VERIFICA_DEMANDA - JOB :SELECT ] Preparando sql para executar
19/02/2025-13:46:01                    [I] [ ETAPA: VERIFICA_DEMANDA - JOB :SELECT ] Sql preparado
19/02/2025-13:46:01                [E] [ ETAPA: VERIFICA_DEMANDA - JOB :SELECT ] Executando comando sql
19/02/2025-13:46:01                    [I] [ ETAPA: VERIFICA_DEMANDA - JOB :SELECT ] Job nao possui parametros
19/02/2025-13:46:01                    [I] [ ETAPA: VERIFICA_DEMANDA - JOB :SELECT ] Comando executado
19/02/2025-13:46:01                [E] [ ETAPA: VERIFICA_DEMANDA - JOB :SELECT ] Buscando log da execucao
19/02/2025-13:46:01                [E] [ ETAPA: VERIFICA_DEMANDA - JOB :SELECT ] Buscando arquivos gerados
19/02/2025-13:46:01                    [I] [ ETAPA: VERIFICA_DEMANDA - JOB :SELECT ] Finalizado com status :: SUCESSO
19/02/2025-13:46:01                [I] [ ETAPA: VERIFICA_DEMANDA ] Instancias iniciadas
19/02/2025-13:46:01                [I] [ ETAPA: VERIFICA_DEMANDA ] Aguardando instancias finalizarem
19/02/2025-13:46:01                [I] [ ETAPA: VERIFICA_DEMANDA ] Instancias finalizaram
19/02/2025-13:46:01                [I] [ ETAPA: VERIFICA_DEMANDA ] Instancia - 1_0 = SUCESSO
19/02/2025-13:46:02            [I] Etapa VERIFICA_DEMANDA finalizada com SUCESSO
19/02/2025-13:46:03        [E] Iniciando execucao da etapa INTERFACE_PROCESSOS_DEMANDA
19/02/2025-13:46:03            [E] [ ETAPA: INTERFACE_PROCESSOS_DEMANDA ] Iniciando instancias da etapa
19/02/2025-13:46:04            [E] [ ETAPA: INTERFACE_PROCESSOS_DEMANDA ] Iniciando execucao
19/02/2025-13:46:04                [I] [ ETAPA: INTERFACE_PROCESSOS_DEMANDA ] Testando gatilho :: TIPO => 'DEMANDA' == 'DEMANDA'
19/02/2025-13:46:04                [I] [ ETAPA: INTERFACE_PROCESSOS_DEMANDA ] Gatilho ok
19/02/2025-13:46:04                [I] [ ETAPA: INTERFACE_PROCESSOS_DEMANDA ] Testando gatilho :: QT_DEMANDA => 148 > 0
19/02/2025-13:46:04                [I] [ ETAPA: INTERFACE_PROCESSOS_DEMANDA ] Gatilho ok
19/02/2025-13:46:04            [E] [ ETAPA: INTERFACE_PROCESSOS_DEMANDA - JOB :PRO_INTERFACE_PROCESSOS ] Iniciando execucao
19/02/2025-13:46:04                [E] [ ETAPA: INTERFACE_PROCESSOS_DEMANDA - JOB :PRO_INTERFACE_PROCESSOS ] Executando procedure :: CUSTADM.PRO_INTERFACE_PROCESSOS
19/02/2025-13:46:04                    [I] [ ETAPA: INTERFACE_PROCESSOS_DEMANDA - JOB :PRO_INTERFACE_PROCESSOS ] Job possui os seguintes parametros: 
19/02/2025-13:46:04                    [I] [ ETAPA: INTERFACE_PROCESSOS_DEMANDA - JOB :PRO_INTERFACE_PROCESSOS ] PARAMETRO 1 :: UTLFILE
19/02/2025-13:46:04                    [I] [ ETAPA: INTERFACE_PROCESSOS_DEMANDA - JOB :PRO_INTERFACE_PROCESSOS ] PARAMETRO 2 :: PRO_INTERFACE_PROCESSOS_1_0_20250219134604.log
19/02/2025-13:46:04                    [I] [ ETAPA: INTERFACE_PROCESSOS_DEMANDA - JOB :PRO_INTERFACE_PROCESSOS ] PARAMETRO 3 :: DEMANDA
19/02/2025-13:46:04                    [I] [ ETAPA: INTERFACE_PROCESSOS_DEMANDA - JOB :PRO_INTERFACE_PROCESSOS ] PARAMETRO 4 :: 23
19/02/2025-13:46:04                    [I] [ ETAPA: INTERFACE_PROCESSOS_DEMANDA - JOB :PRO_INTERFACE_PROCESSOS ] Procedure executada
19/02/2025-13:46:04                [E] [ ETAPA: INTERFACE_PROCESSOS_DEMANDA - JOB :PRO_INTERFACE_PROCESSOS ] Buscando log procedure
19/02/2025-13:46:04                    [I] [ ETAPA: INTERFACE_PROCESSOS_DEMANDA - JOB :PRO_INTERFACE_PROCESSOS ] Arquivo de log: /home/producao/KENAN/utl/PRO_INTERFACE_PROCESSOS_1_0_20250219134604.log
19/02/2025-13:46:04                        [A] ARQUIVO < /home/producao/KENAN/dados/24_INTERFACE_SOB_DEMANDA/.SandBox/INTERFACE_PROCESSOS_DEMANDA/PRO_INTERFACE_PROCESSOS_1_0_20250219134604.log >
19/02/2025-13:46:04                        [A] -- INTERFACE VANTIVE KENAN >>  Pro_Interface_Processos
19/02/2025-13:46:04                        [A] >> Executando script: Script de Prepara\\xef\\xbf\\xbd\\xef\\xbf\\xbdo para Execu\\xef\\xbf\\xbd\\xef\\xbf\\xbdo da Interface\
'
19/02/2025-13:46:04                        [A] >> Executando PRO_BUSCA_TRANSACOES
19/02/2025-13:46:04                        [A] >> Executando PRO_SEPARA_PROCESSO
19/02/2025-13:46:04                        [A] -- INTERFACE VANTIVE KENAN >>  Pro_Interface_Processos Terminado com sucesso
19/02/2025-13:46:04                        [A] STATUS FINAL: OK
19/02/2025-13:46:04                [E] [ ETAPA: INTERFACE_PROCESSOS_DEMANDA - JOB :PRO_INTERFACE_PROCESSOS ] Buscando arquivos gerados
19/02/2025-13:46:04                    [I] [ ETAPA: INTERFACE_PROCESSOS_DEMANDA - JOB :PRO_INTERFACE_PROCESSOS ] Finalizado com status :: SUCESSO
19/02/2025-13:46:05                [I] [ ETAPA: INTERFACE_PROCESSOS_DEMANDA ] Instancias iniciadas
19/02/2025-13:46:05                [I] [ ETAPA: INTERFACE_PROCESSOS_DEMANDA ] Aguardando instancias finalizarem
19/02/2025-13:46:05                [I] [ ETAPA: INTERFACE_PROCESSOS_DEMANDA ] Instancias finalizaram
19/02/2025-13:46:05                [I] [ ETAPA: INTERFACE_PROCESSOS_DEMANDA ] Instancia - 1_0 = SUCESSO
19/02/2025-13:46:05            [I] Etapa INTERFACE_PROCESSOS_DEMANDA finalizada com SUCESSO
19/02/2025-13:46:06        [E] Iniciando execucao da etapa EXECUTA_BINARIO_DEMANDA
19/02/2025-13:46:06            [E] [ ETAPA: EXECUTA_BINARIO_DEMANDA ] Iniciando instancias da etapa
19/02/2025-13:46:07            [E] [ ETAPA: EXECUTA_BINARIO_DEMANDA ] Iniciando execucao
19/02/2025-13:46:07                [I] [ ETAPA: EXECUTA_BINARIO_DEMANDA ] Testando gatilho :: TIPO => 'DEMANDA' == 'DEMANDA'
19/02/2025-13:46:07                [I] [ ETAPA: EXECUTA_BINARIO_DEMANDA ] Gatilho ok
19/02/2025-13:46:07                [I] [ ETAPA: EXECUTA_BINARIO_DEMANDA ] Testando gatilho :: QT_DEMANDA => 148 > 0
19/02/2025-13:46:07                [I] [ ETAPA: EXECUTA_BINARIO_DEMANDA ] Gatilho ok
19/02/2025-13:46:07            [E] [ ETAPA: EXECUTA_BINARIO_DEMANDA - JOB :EXEC_BINARIO ] Iniciando execucao
19/02/2025-13:46:07                [E] [ ETAPA: EXECUTA_BINARIO_DEMANDA - JOB :EXEC_BINARIO ] Executando generico.mixin.executa_binario
19/02/2025-13:46:07                    [I] [ ETAPA: EXECUTA_BINARIO_DEMANDA - JOB :EXEC_BINARIO ] Job possui os seguintes parametros: 
19/02/2025-13:46:07                    [I] [ ETAPA: EXECUTA_BINARIO_DEMANDA - JOB :EXEC_BINARIO ] PARAMETRO 1 :: . ~/.profile_interf_vantive; /home/producao/KENAN/py/bin/Interface_Vantive_Kenan
19/02/2025-13:46:07                    [I] [ ETAPA: EXECUTA_BINARIO_DEMANDA - JOB :EXEC_BINARIO ] PARAMETRO 2 :: ['1', '0']
19/02/2025-13:46:07                    [I] [ ETAPA: EXECUTA_BINARIO_DEMANDA - JOB :EXEC_BINARIO ] PARAMETRO 3 :: /home/producao/KENAN/log/Log_Inter_Demanda_1_0.log
19/02/2025-13:46:07                    [I] [ ETAPA: EXECUTA_BINARIO_DEMANDA - JOB :EXEC_BINARIO ] PARAMETRO 4 :: {'IVA_USUARIO': 'DEMANDA', 'ARBOR_VAN_API_LOG': '1'}
19/02/2025-13:46:12                    [I] [ ETAPA: EXECUTA_BINARIO_DEMANDA - JOB :EXEC_BINARIO ] Arquivo de log: /home/producao/KENAN/log/Log_Inter_Demanda_1_0.log
19/02/2025-13:46:12                    [I] [ ETAPA: EXECUTA_BINARIO_DEMANDA - JOB :EXEC_BINARIO ] Executado
19/02/2025-13:46:12                    [I] [ ETAPA: EXECUTA_BINARIO_DEMANDA - JOB :EXEC_BINARIO ] Instancia 0 => finalizado com status :: True
19/02/2025-13:46:08                [I] [ ETAPA: EXECUTA_BINARIO_DEMANDA ] Instancias iniciadas
19/02/2025-13:46:08                [I] [ ETAPA: EXECUTA_BINARIO_DEMANDA ] Aguardando instancias finalizarem
19/02/2025-13:46:12                [I] [ ETAPA: EXECUTA_BINARIO_DEMANDA ] Instancias finalizaram
19/02/2025-13:46:12                [I] [ ETAPA: EXECUTA_BINARIO_DEMANDA ] Instancia - 1_0 = SUCESSO
19/02/2025-13:46:12            [I] Etapa EXECUTA_BINARIO_DEMANDA finalizada com SUCESSO
19/02/2025-13:46:13        [E] Iniciando execucao da etapa FINALIZA_INTERFACE
19/02/2025-13:46:13            [E] [ ETAPA: FINALIZA_INTERFACE ] Iniciando instancias da etapa
19/02/2025-13:46:14            [E] [ ETAPA: FINALIZA_INTERFACE ] Iniciando execucao
19/02/2025-13:46:14            [E] [ ETAPA: FINALIZA_INTERFACE - JOB :PRO_INTERFACE_FINALIZA ] Iniciando execucao
19/02/2025-13:46:14                [E] [ ETAPA: FINALIZA_INTERFACE - JOB :PRO_INTERFACE_FINALIZA ] Executando procedure :: CUSTADM.PRO_INTERFACE_FINALIZA
19/02/2025-13:46:14                    [I] [ ETAPA: FINALIZA_INTERFACE - JOB :PRO_INTERFACE_FINALIZA ] Job possui os seguintes parametros: 
19/02/2025-13:46:14                    [I] [ ETAPA: FINALIZA_INTERFACE - JOB :PRO_INTERFACE_FINALIZA ] PARAMETRO 1 :: UTLFILE
19/02/2025-13:46:14                    [I] [ ETAPA: FINALIZA_INTERFACE - JOB :PRO_INTERFACE_FINALIZA ] PARAMETRO 2 :: PRO_INTERFACE_FINALIZA_1_0_20250219134614.log
19/02/2025-13:46:14                    [I] [ ETAPA: FINALIZA_INTERFACE - JOB :PRO_INTERFACE_FINALIZA ] PARAMETRO 3 :: 23
19/02/2025-13:46:21                    [I] [ ETAPA: FINALIZA_INTERFACE - JOB :PRO_INTERFACE_FINALIZA ] Procedure executada
19/02/2025-13:46:21                [E] [ ETAPA: FINALIZA_INTERFACE - JOB :PRO_INTERFACE_FINALIZA ] Buscando log procedure
19/02/2025-13:46:21                    [I] [ ETAPA: FINALIZA_INTERFACE - JOB :PRO_INTERFACE_FINALIZA ] Arquivo de log: /home/producao/KENAN/utl/PRO_INTERFACE_FINALIZA_1_0_20250219134614.log
19/02/2025-13:46:21                        [A] ARQUIVO < /home/producao/KENAN/dados/24_INTERFACE_SOB_DEMANDA/.SandBox/FINALIZA_INTERFACE/PRO_INTERFACE_FINALIZA_1_0_20250219134614.log >
19/02/2025-13:46:21                        [A] -- INTERFACE VANTIVE KENAN >>  Pro_Interface_Finaliza
19/02/2025-13:46:21                        [A] >> Executando script: #CORRE\\xef\\xbf\\xbd\\xef\\xbf\\xbdES INICIAIS DE REJEI\\xef\\xbf\\xbd\\xef\\xbf\\xbdES\
'
19/02/2025-13:46:21                        [A] Flag Billed 13:46:14
19/02/2025-13:46:21                        [A] Acerto ParentId ALTERACAO DE DADOS CADASTRAIS 13:46:15
19/02/2025-13:46:21                        [A] corrige as inconsistencias entre a tabela de confirmac?o e as tabelas ins 13:46:15
19/02/2025-13:46:21                        [A] Acertando CTBCI_KENAN_CONTA_IN@LK_KENAN_CRM contas ja ativas  
19/02/2025-13:46:21                        [A] LIMPANDO CAMPO  ctbcdatafinaloverhiderc 13:46:15
19/02/2025-13:46:21                        [A] Invalid charge_element_value 13:46:15
19/02/2025-13:46:21                        [A] >> Executando script: ARBOR.API_PP_CEASE_COMP
19/02/2025-13:46:21                        [A] ---> QTD: 0
19/02/2025-13:46:21                        [A] >> Executando script: Selecting from CUSTOMER_CONTRACT/EMF: no matching row found
19/02/2025-13:46:21                        [A] ---> QTD: 0
19/02/2025-13:46:21                        [A] >> Executando script: Can not change the parent_id of an account that is referenced by accounts outside the hierarchy
19/02/2025-13:46:21                        [A] ---> QTD: 0
19/02/2025-13:46:21                        [A] >> Executando script: Selecting from CUSTOMER_ID_EQUIP_MAP no matching row found
19/02/2025-13:46:21                        [A] ---> QTD: 0
19/02/2025-13:46:21                        [A] >> Executando script: Cannot disconnect account while there are current
19/02/2025-13:46:21                        [A] ---> QTD: 0
19/02/2025-13:46:21                        [A] >> Executando script: Child account can not have date_active earlier than the date_active of the parent
19/02/2025-13:46:21                        [A] ---> QTD: 0
19/02/2025-13:46:21                        [A] >> Executando script: Inconsistencia entre Empresa da NRC % e da conta
19/02/2025-13:46:21                        [A] ---> QTD: 0
19/02/2025-13:46:21                        [A] >> Executando script: Cannnot cease DISC_DONE product
19/02/2025-13:46:21                        [A] ---> QTD: 0
19/02/2025-13:46:21                        [A] >> Executando script: ARBOR.CSTMR_CRRDRS_CSTMR_CRRDRS_1
19/02/2025-13:46:21                        [A] ---> QTD: 0
19/02/2025-13:46:21                        [A] >> Executando script: start_dt or end_dt may not be modified earlier - DATA OPERACAO - GERAL
19/02/2025-13:46:21                        [A] ---> QTD: 0
19/02/2025-13:46:21                        [A] >> Executando script: requires a max of 1 components of id
19/02/2025-13:46:21                        [A] ---> QTD: 0
19/02/2025-13:46:21                        [A] >> Executando script: hierarchy must also be in the same account segment
19/02/2025-13:46:21                        [A] ---> QTD: 0
19/02/2025-13:46:21                        [A] >> Executando script: Inactive date too low, product has already been billed
19/02/2025-13:46:21                        [A] ---> QTD: 0
19/02/2025-13:46:21                        [A] >> Executando script: Cannot set service_inactive_dt greater than any current or pending NRCs
19/02/2025-13:46:21                        [A] ---> QTD: 0
19/02/2025-13:46:21                        [A] >> Executando script: No package component can start earlier than the package itself or after the package has been ceased
19/02/2025-13:46:21                        [A] ---> QTD: 0
19/02/2025-13:46:21                        [A] >> Executando script: Packages can not start before the owning account is active
19/02/2025-13:46:21                        [A] ---> QTD: 0
19/02/2025-13:46:21                        [A] >> Executando script: %CUSTADM.STATUS_SERVICO_CONTA_EMAIL_PK%
19/02/2025-13:46:21                        [A] ---> QTD: 0
19/02/2025-13:46:21                        [A] >> Executando script: Product active date must be later than the current or pending service
19/02/2025-13:46:21                        [A] ---> QTD: 0
19/02/2025-13:46:21                        [A] >> Executando script: service active date cannot be earlier than active date of account
19/02/2025-13:46:21                        [A] ---> QTD: 0
19/02/2025-13:46:21                        [A] >> Executando script: O CLIENTE JA POSSUI ATIVO O CORRIDOR
19/02/2025-13:46:21                        [A] ---> QTD: 0
19/02/2025-13:46:21                        [A] >> Executando script: contrato nao pode ter o campo contrato_operadoras nulo
19/02/2025-13:46:21                        [A] ---> QTD: 0
19/02/2025-13:46:21                        [A] >> Executando script: CONTA JA CANCELADA NO KENAN
19/02/2025-13:46:21                        [A] ---> QTD: 0
19/02/2025-13:46:21                        [A] >> Executando script: Acerto Clientes Confaz
19/02/2025-13:46:21                        [A] ---> ACERTO CLIENTES CONFAZ INDEVIDOS...
19/02/2025-13:46:21                        [A] ---> QTD: 0
19/02/2025-13:46:21                        [A] >> Executando script: The start date of the corridor plan cannot be earlier than the activation date of the account.
19/02/2025-13:46:21                        [A] ---> QTD: 0
19/02/2025-13:46:21                        [A] >> Executando script: Product active date must be later than active date of parent account
19/02/2025-13:46:21                        [A] ---> QTD: 0
19/02/2025-13:46:21                        [A] >> Executando script: ARBOR.CUST_ID_EQUIP_MAP_VIEW_ACTRIG
19/02/2025-13:46:21                        [A] ---> QTD: 1
19/02/2025-13:46:21                        [A] >> Executando script: Erro ao gerar registro na tabela DE/PARA
19/02/2025-13:46:21                        [A] ---> QTD: 1
19/02/2025-13:46:21                        [A] >> Executando script: #PROCESSOS FINAIS P\\xef\\xbf\\xbdS TRATATIVAS\
'
19/02/2025-13:46:21                        [A] ---> EXECUTANDO PROCESSO PKG_TRATA_HQ
19/02/2025-13:46:21                        [A] -- INTERFACE VANTIVE KENAN >>  Pro_Interface_Finaliza Terminado com sucesso
19/02/2025-13:46:21                        [A] STATUS FINAL: OK
19/02/2025-13:46:21                [E] [ ETAPA: FINALIZA_INTERFACE - JOB :PRO_INTERFACE_FINALIZA ] Buscando arquivos gerados
19/02/2025-13:46:21                    [I] [ ETAPA: FINALIZA_INTERFACE - JOB :PRO_INTERFACE_FINALIZA ] Finalizado com status :: SUCESSO
19/02/2025-13:46:15                [I] [ ETAPA: FINALIZA_INTERFACE ] Instancias iniciadas
19/02/2025-13:46:15                [I] [ ETAPA: FINALIZA_INTERFACE ] Aguardando instancias finalizarem
19/02/2025-13:46:21                [I] [ ETAPA: FINALIZA_INTERFACE ] Instancias finalizaram
19/02/2025-13:46:21                [I] [ ETAPA: FINALIZA_INTERFACE ] Instancia - 1_0 = SUCESSO
19/02/2025-13:46:21            [I] Etapa FINALIZA_INTERFACE finalizada com SUCESSO
19/02/2025-13:46:22        [E] Iniciando execucao da etapa REDIRECIONA_CDRS
19/02/2025-13:46:22            [E] [ ETAPA: REDIRECIONA_CDRS ] Iniciando instancias da etapa
19/02/2025-13:46:23            [E] [ ETAPA: REDIRECIONA_CDRS ] Iniciando execucao
19/02/2025-13:46:23            [E] [ ETAPA: REDIRECIONA_CDRS - JOB :PRO_INTERFACE_FINALIZA ] Iniciando execucao
19/02/2025-13:46:23                [E] [ ETAPA: REDIRECIONA_CDRS - JOB :PRO_INTERFACE_FINALIZA ] Executando procedure :: CUSTADM.PRO_CDRS_INTERFACE_REDIRECIONA
19/02/2025-13:46:23                    [I] [ ETAPA: REDIRECIONA_CDRS - JOB :PRO_INTERFACE_FINALIZA ] Job possui os seguintes parametros: 
19/02/2025-13:46:23                    [I] [ ETAPA: REDIRECIONA_CDRS - JOB :PRO_INTERFACE_FINALIZA ] PARAMETRO 1 :: UTLFILE
19/02/2025-13:46:23                    [I] [ ETAPA: REDIRECIONA_CDRS - JOB :PRO_INTERFACE_FINALIZA ] PARAMETRO 2 :: PRO_INTERFACE_FINALIZA_1_0_20250219134623.log
19/02/2025-13:46:23                    [I] [ ETAPA: REDIRECIONA_CDRS - JOB :PRO_INTERFACE_FINALIZA ] Procedure executada
19/02/2025-13:46:23                [E] [ ETAPA: REDIRECIONA_CDRS - JOB :PRO_INTERFACE_FINALIZA ] Buscando log procedure
19/02/2025-13:46:23                    [I] [ ETAPA: REDIRECIONA_CDRS - JOB :PRO_INTERFACE_FINALIZA ] Arquivo de log: /home/producao/KENAN/utl/PRO_INTERFACE_FINALIZA_1_0_20250219134623.log
19/02/2025-13:46:23                        [A] ARQUIVO < /home/producao/KENAN/dados/24_INTERFACE_SOB_DEMANDA/.SandBox/REDIRECIONA_CDRS/PRO_INTERFACE_FINALIZA_1_0_20250219134623.log >
19/02/2025-13:46:23                        [A] ================================================================================
19/02/2025-13:46:23                        [A] ========================== REDIRECIONAMENTO DE CDRS ============================
19/02/2025-13:46:23                        [A] ================================================================================
19/02/2025-13:46:23                        [A] Iniciado em                   : 19/02/2025 13:46:23
19/02/2025-13:46:23                        [A] Usu\\xef\\xbf\\xbdrio                       : PRODUCAO\
'
19/02/2025-13:46:23                        [A] Banco de Dados                : FXPRD
19/02/2025-13:46:23                        [A] N\\xef\\xbf\\xbdvel de Detalhe              : DEBUG\
'
19/02/2025-13:46:23                        [A] ================================================================================
19/02/2025-13:46:23                        [A]  - 20250219 13:46:23 [M] : >> EXECUTANDO PROCEDURE: PRO_RETIRA_RETARIFADOS
19/02/2025-13:46:23                        [A]  - 20250219 13:46:23 [M] : TRUNCATE TABLE CUSTADM.CDR_DATA_AUX
19/02/2025-13:46:23                        [A] ================================================================================
19/02/2025-13:46:23                        [A] V_OUT                         : 
19/02/2025-13:46:23                        [A] ERRO ORACLE                   : ORA-00054: resource busy and acquire with NOWAIT specified or timeout expired
19/02/2025-13:46:23                        [A] ================================================================================
19/02/2025-13:46:23                        [A] Finalizado em                 : 19/02/2025 13:46:23
19/02/2025-13:46:23                        [A] ================================================================================
19/02/2025-13:46:23                        [A] STATUS#ERRO
19/02/2025-13:46:23                [E] [ ETAPA: REDIRECIONA_CDRS - JOB :PRO_INTERFACE_FINALIZA ] Buscando arquivos gerados
19/02/2025-13:46:23                    [I] [ ETAPA: REDIRECIONA_CDRS - JOB :PRO_INTERFACE_FINALIZA ] Finalizado com status :: ERRO
19/02/2025-13:46:24                [I] [ ETAPA: REDIRECIONA_CDRS ] Instancias iniciadas
19/02/2025-13:46:24                [I] [ ETAPA: REDIRECIONA_CDRS ] Aguardando instancias finalizarem
19/02/2025-13:46:24                [I] [ ETAPA: REDIRECIONA_CDRS ] Instancias finalizaram
19/02/2025-13:46:24                [I] [ ETAPA: REDIRECIONA_CDRS ] Instancia - 1_0 = ERRO
19/02/2025-13:46:24            [ERRO]############################################################
                               [ERRO] Etapa REDIRECIONA_CDRS finalizada com ERRO
                               [ERRO]############################################################
19/02/2025-13:46:24            [I] ETAPA << EXECUTAR PROCESSO >> :: ERRO
19/02/2025-13:46:24 EMAIL ERRO .....: lucasm@kyros.com.br;jessicac@kyros.com.br;rafaelso@kyros.com.br;carlosr@kyros.com.br
19/02/2025-13:46:24 --------------------------------------------------------------------------------
                    FIM :: STATUS .....: ERRO

================================================================================
DATA_FIM#19/02/2025 13:46:24
STATUS#ERRO

