DATA_INICIO#19/02/2025 14:10:12
COMANDO#/home/producao/SGPI/py/SGPI_PRD_Generico.py -S DW -P EXTRACAO_DADOS_PRELIMINARES_DW -O DW -C \"Vantive,ControlPlus,Rubi,Objectel\" -t 3 -n 3
================================================================================

19/02/2025-14:10:13  INICIO : Sistema : SGPI_PRD
19/02/2025-14:10:13  INICIO : Script : SGPI_PRD_DW_EXTRACAO_DADOS_PRELIMINARES_DW
19/02/2025-14:10:13  --------------------------------------------------------------------------------
19/02/2025-14:10:13      [E] Verificando diretorios necessarios para o script
19/02/2025-14:10:13          [E] Analisando diretorio : /home/producao/SGPI/log/prd ( ocupacao maxima = 95%)
19/02/2025-14:10:13              [I] Diretorio existe.
19/02/2025-14:10:13              [I] Ocupacao dentro do limite
19/02/2025-14:10:13          [E] Analisando diretorio : /home/producao/SGPI/py ( ocupacao maxima = 95%)
19/02/2025-14:10:13              [I] Diretorio existe.
19/02/2025-14:10:13              [I] Ocupacao dentro do limite
19/02/2025-14:10:13          [I] Diretorios verificados com sucesso
19/02/2025-14:10:13      [E] Criando arquivo de lock
19/02/2025-14:10:13          [I] Arquivo criado
19/02/2025-14:10:13      [E] Iniciando execucao das etapas de inicializacao
19/02/2025-14:10:13          [E] Executando etapa << 10 - INICIA >>
19/02/2025-14:10:13              [I] Etapa << 10 - INICIA >> executada
19/02/2025-14:10:13          [I] Etapas de inicializacao concluidas
19/02/2025-14:10:13      [E] Iniciando execucao das etapas de execucao
19/02/2025-14:10:13          [E] Executando etapa << 10 - CONSTROI_JAVA >>
19/02/2025-14:10:13              [E] Construindo comando java, com base nos parametros :
19/02/2025-14:10:13                  [I] SISTEMA ............................: DW
19/02/2025-14:10:13                  [I] PROCESSO ...........................: EXTRACAO_DADOS_PRELIMINARES_DW
19/02/2025-14:10:13                  [I] SISTEMA DE ORIGEM ..................: DW
19/02/2025-14:10:13                  [I] CONEXOES EXTRAS ....................: Vantive,ControlPlus,Rubi,Objectel
19/02/2025-14:10:13                  [I] NIVEL LOG ..........................: 3
19/02/2025-14:10:13                  [I] NRO INSTANCIAS .....................: 1
19/02/2025-14:10:13                  [I] NRO THREADS ........................: 3
19/02/2025-14:10:13                  [I] Comando Java .......................: /home/producao/SGPI/Java/Libs/extrator-sgpi.jar br.com.algartelecom.batch.ExtratorBatch -urld 'jdbc:oracle:thin:@(DESCRIPTION=(ADDRESS=(PROTOCOL=TCP)(HOST=exa02-scan-prd.network.ctbc)(PORT=1521))(CONNECT_DATA=(SERVER=DEDICATED)(SERVICE_NAME=SCCPRD)(FAILOVER_MODE=(TYPE=SELECT)(METHOD=BASIC)(RETRIES=180)(DELAY=5))))' -usd SGPNAPL -psd ***** -p EXTRACAO_DADOS_PRELIMINARES_DW -sio DW -urlo 'jdbc:oracle:thin:@(DESCRIPTION=(ADDRESS=(PROTOCOL=TCP)(HOST=exa03-scan-prd.network.ctbc)(PORT=1521))(CONNECT_DATA=(SERVER=DEDICATED)(SERVICE_NAME=DWPRD)(FAILOVER_MODE=(TYPE=SELECT)(METHOD=BASIC)(RETRIES=180)(DELAY=5))))' -uso SGPI -pso ***** -urlaVantive 'jdbc:oracle:thin:@(DESCRIPTION =(ADDRESS = (PROTOCOL = TCP)(HOST = exa08-scan.network.ctbc)(PORT = 1521))(CONNECT_DATA =(SERVER = DEDICATED)(SERVICE_NAME = CRMPRD)(FAILOVER_MODE =(TYPE = SELECT)(METHOD = BASIC)(RETRIES = 180)(DELAY = 5))))' -usaVantive producao -psaVantive ***** -urlaControlPlus 'jdbc:oracle:thin:@(DESCRIPTION=(ADDRESS_LIST=(ADDRESS=(PROTOCOL=TCP)(HOST=10.32.8.248)(PORT=1521)))(CONNECT_DATA=(SID=plusprd)))' -usaControlPlus producao -psaControlPlus ***** -urlaRubi 'jdbc:mysql://10.11.136.142:3306/rubi' -usaRubi usr_rubi -psaRubi ***** -urlaObjectel 'jdbc:oracle:thin:@//exa08-scan.network.ctbc:1521/OBJPRD' -usaObjectel sgpi -psaObjectel ***** -n 3 -i 1 -t 3 -a /home/producao/SGPI/log/prd/20250219/SGPI_PRD_DW_EXTRACAO_DADOS_PRELIMINARES_DW_LOG_JAVA_20250219141013.log
19/02/2025-14:10:13              [I] Etapa << 10 - CONSTROI_JAVA >> executada
19/02/2025-14:10:13          [E] Executando etapa << 20 - EXECUTA >>
19/02/2025-14:10:13              [E] Executando processo
19/02/2025-14:10:19                  [I] Processo executado. Analisando log
19/02/2025-14:10:19                  [E] Arquivo de LOG encontrado.
19/02/2025-14:10:19                      [I] Trecho final do arquivo de log ( 10 linhas ) ..: /home/producao/SGPI/log/prd/20250219/SGPI_PRD_DW_EXTRACAO_DADOS_PRELIMINARES_DW_LOG_JAVA_20250219141013.log_19022025-021013.txt
19/02/2025-14:10:19                      [I] [A] ->  ERROR 19/02/2025 14:10:19.009 GeraLog [Batch] 
19/02/2025-14:10:19                      [I] [A] ->    br.com.kyros.batch.api.exception.FatalException: Erro ao executar o processo. Erro ao executar solicita\u00e7\u00e3o: 479676
19/02/2025-14:10:19                      [I] [A] ->  
19/02/2025-14:10:19                      [I] [A] ->  INFO  19/02/2025 14:10:19.009 GeraLog [identificaResultadoProcessamento] 
19/02/2025-14:10:19                      [I] [A] ->    Metodo requisitado
19/02/2025-14:10:19                      [I] [A] ->    Parametro resultado = 0
19/02/2025-14:10:19                      [I] [A] ->  
19/02/2025-14:10:19                      [I] [A] ->  INFO  19/02/2025 14:10:19.009 GeraLog [identificaResultadoProcessamento] 
19/02/2025-14:10:19                      [I] [A] ->    STATUS#ERRO
19/02/2025-14:10:19                      [I] [A] ->  
19/02/2025-14:10:19   
19/02/2025-14:10:19                  [ERRO] ######################################################
19/02/2025-14:10:19                  [ERRO] ERRO na execucao do processo
19/02/2025-14:10:19                  [ERRO] ######################################################
19/02/2025-14:10:19   
19/02/2025-14:10:19                  [I] Etapa << 20 - EXECUTA >> executada
19/02/2025-14:10:19          [E] Removendo arquivo de lock
19/02/2025-14:10:19              [I] arquivo removido
19/02/2025-14:10:19  --------------------------------------------------------------------------------
19/02/2025-14:10:19  FIM : status final : ERRO

================================================================================
DATA_FIM#19/02/2025 14:10:20
STATUS#ERRO

